Copyright 1986-2015 Xilinx, Inc. All Rights Reserved.
----------------------------------------------------------------------------------------
| Tool Version     : Vivado v.2015.3 (win64) Build 1368829 Mon Sep 28 20:06:43 MDT 2015
| Date             : Sun Nov 19 17:51:54 2017
| Host             : DESKTOP-3BPKRQB running 64-bit major release  (build 9200)
| Command          : 
| Design           : top
| Device           : xc7a35tcpg236-1
| Design State     : routed
| Grade            : commercial
| Process          : typical
| Characterization : Production
----------------------------------------------------------------------------------------

Power Report

Table of Contents
-----------------
1. Summary
1.1 On-Chip Components
1.2 Power Supply Summary
1.3 Confidence Level
2. Settings
2.1 Environment
2.2 Clock Constraints
3. Detailed Reports
3.1 By Hierarchy

1. Summary
----------

+--------------------------+----------------------------------+
| Total On-Chip Power (W)  | 26.812 (Junction temp exceeded!) |
| Dynamic (W)              | 26.326                           |
| Device Static (W)        | 0.486                            |
| Effective TJA (C/W)      | 5.0                              |
| Max Ambient (C)          | 0.0                              |
| Junction Temperature (C) | 125.0                            |
| Confidence Level         | Low                              |
| Setting File             | ---                              |
| Simulation Activity File | ---                              |
| Design Nets Matched      | NA                               |
+--------------------------+----------------------------------+


1.1 On-Chip Components
----------------------

+--------------------------+-----------+----------+-----------+-----------------+
| On-Chip                  | Power (W) | Used     | Available | Utilization (%) |
+--------------------------+-----------+----------+-----------+-----------------+
| Slice Logic              |     1.085 |     3621 |       --- |             --- |
|   LUT as Logic           |     0.974 |     2376 |     20800 |           11.42 |
|   F7/F8 Muxes            |     0.046 |      196 |     32600 |            0.60 |
|   Register               |     0.030 |      600 |     41600 |            1.44 |
|   CARRY4                 |     0.024 |       29 |      8150 |            0.36 |
|   BUFG                   |     0.012 |        3 |        32 |            9.38 |
|   Others                 |     0.000 |       15 |       --- |             --- |
|   LUT as Distributed RAM |     0.000 |       48 |      9600 |            0.50 |
| Signals                  |     1.226 |     2877 |       --- |             --- |
| I/O                      |    24.015 |       17 |       106 |           16.04 |
| Static Power             |     0.486 |          |           |                 |
| Total                    |    26.812 |          |           |                 |
+--------------------------+-----------+----------+-----------+-----------------+


1.2 Power Supply Summary
------------------------

+-----------+-------------+-----------+-------------+------------+
| Source    | Voltage (V) | Total (A) | Dynamic (A) | Static (A) |
+-----------+-------------+-----------+-------------+------------+
| Vccint    |       1.000 |     2.668 |       2.327 |      0.341 |
| Vccaux    |       1.800 |     0.933 |       0.879 |      0.053 |
| Vcco33    |       3.300 |     6.794 |       6.793 |      0.001 |
| Vcco25    |       2.500 |     0.000 |       0.000 |      0.000 |
| Vcco18    |       1.800 |     0.000 |       0.000 |      0.000 |
| Vcco15    |       1.500 |     0.000 |       0.000 |      0.000 |
| Vcco135   |       1.350 |     0.000 |       0.000 |      0.000 |
| Vcco12    |       1.200 |     0.000 |       0.000 |      0.000 |
| Vccaux_io |       1.800 |     0.000 |       0.000 |      0.000 |
| Vccbram   |       1.000 |     0.010 |       0.000 |      0.010 |
| MGTAVcc   |       1.000 |     0.000 |       0.000 |      0.000 |
| MGTAVtt   |       1.200 |     0.000 |       0.000 |      0.000 |
| Vccadc    |       1.800 |     0.020 |       0.000 |      0.020 |
+-----------+-------------+-----------+-------------+------------+


1.3 Confidence Level
--------------------

+-----------------------------+------------+--------------------------------------------------------+--------------------------------------------------------------------------------------------------------------------+
| User Input Data             | Confidence | Details                                                | Action                                                                                                             |
+-----------------------------+------------+--------------------------------------------------------+--------------------------------------------------------------------------------------------------------------------+
| Design implementation state | High       | Design is routed                                       |                                                                                                                    |
| Clock nodes activity        | Low        | User specified less than 75% of clocks                 | Provide missing clock activity with a constraint file, simulation results or by editing the "By Clock Domain" view |
| I/O nodes activity          | Low        | More than 75% of inputs are missing user specification | Provide missing input activity with simulation results or by editing the "By Resource Type -> I/Os" view           |
| Internal nodes activity     | Medium     | User specified less than 25% of internal nodes         | Provide missing internal nodes activity with simulation results or by editing the "By Resource Type" views         |
| Device models               | High       | Device models are Production                           |                                                                                                                    |
|                             |            |                                                        |                                                                                                                    |
| Overall confidence level    | Low        |                                                        |                                                                                                                    |
+-----------------------------+------------+--------------------------------------------------------+--------------------------------------------------------------------------------------------------------------------+


2. Settings
-----------

2.1 Environment
---------------

+-----------------------+--------------------------+
| Ambient Temp (C)      | 25.0                     |
| ThetaJA (C/W)         | 5.0                      |
| Airflow (LFM)         | 250                      |
| Heat Sink             | medium (Medium Profile)  |
| ThetaSA (C/W)         | 4.6                      |
| Board Selection       | medium (10"x10")         |
| # of Board Layers     | 12to15 (12 to 15 Layers) |
| Board Temperature (C) | 25.0                     |
+-----------------------+--------------------------+


2.2 Clock Constraints
---------------------

+-------+--------+-----------------+
| Clock | Domain | Constraint (ns) |
+-------+--------+-----------------+


3. Detailed Reports
-------------------

3.1 By Hierarchy
----------------

+-------------------------------+-----------+
| Name                          | Power (W) |
+-------------------------------+-----------+
| top                           |    26.326 |
|   Ins_Mem_inst                |     0.252 |
|   alu32                       |     0.000 |
|   avshake                     |     0.119 |
|   clk                         |     0.078 |
|   pc_inst                     |     1.339 |
|   ram_inst                    |     0.000 |
|   regFile                     |     0.000 |
|     regFile_reg_r1_0_31_0_5   |     0.000 |
|     regFile_reg_r1_0_31_12_17 |     0.000 |
|     regFile_reg_r1_0_31_18_23 |     0.000 |
|     regFile_reg_r1_0_31_24_29 |     0.000 |
|     regFile_reg_r1_0_31_30_31 |     0.000 |
|     regFile_reg_r1_0_31_6_11  |     0.000 |
|     regFile_reg_r2_0_31_0_5   |     0.000 |
|     regFile_reg_r2_0_31_12_17 |     0.000 |
|     regFile_reg_r2_0_31_18_23 |     0.000 |
|     regFile_reg_r2_0_31_24_29 |     0.000 |
|     regFile_reg_r2_0_31_30_31 |     0.000 |
|     regFile_reg_r2_0_31_6_11  |     0.000 |
|   show                        |     0.400 |
+-------------------------------+-----------+


