
*** Running vivado
    with args -log top.vds -m64 -mode batch -messageDb vivado.pb -notrace -source top.tcl


****** Vivado v2015.3 (64-bit)
  **** SW Build 1368829 on Mon Sep 28 20:06:43 MDT 2015
  **** IP Build 1367837 on Mon Sep 28 08:56:14 MDT 2015
    ** Copyright 1986-2015 Xilinx, Inc. All Rights Reserved.

source top.tcl -notrace
Command: synth_design -top top -part xc7a35tcpg236-1
Starting synth_design
Attempting to get a license for feature 'Synthesis' and/or device 'xc7a35t'
INFO: [Common 17-349] Got license for feature 'Synthesis' and/or device 'xc7a35t'
---------------------------------------------------------------------------------
Starting RTL Elaboration : Time (s): cpu = 00:00:05 ; elapsed = 00:00:06 . Memory (MB): peak = 285.336 ; gain = 114.234
---------------------------------------------------------------------------------
INFO: [Synth 8-638] synthesizing module 'top' [C:/Users/TAN/Desktop/CPU/CPU.srcs/sources_1/new/top.v:2]
INFO: [Synth 8-638] synthesizing module 'PC' [C:/Users/TAN/Desktop/CPU/CPU.srcs/sources_1/new/PC.v:1]
INFO: [Synth 8-256] done synthesizing module 'PC' (1#1) [C:/Users/TAN/Desktop/CPU/CPU.srcs/sources_1/new/PC.v:1]
INFO: [Synth 8-638] synthesizing module 'Instruction_Memory' [C:/Users/TAN/Desktop/CPU/CPU.srcs/sources_1/new/Instruction_Memory.v:2]
INFO: [Synth 8-3876] $readmem data file '../../../rom.txt' is read successfully [C:/Users/TAN/Desktop/CPU/CPU.srcs/sources_1/new/Instruction_Memory.v:13]
INFO: [Synth 8-256] done synthesizing module 'Instruction_Memory' (2#1) [C:/Users/TAN/Desktop/CPU/CPU.srcs/sources_1/new/Instruction_Memory.v:2]
INFO: [Synth 8-638] synthesizing module 'Extend' [C:/Users/TAN/Desktop/CPU/CPU.srcs/sources_1/new/Extend.v:1]
INFO: [Synth 8-256] done synthesizing module 'Extend' (3#1) [C:/Users/TAN/Desktop/CPU/CPU.srcs/sources_1/new/Extend.v:1]
INFO: [Synth 8-638] synthesizing module 'RegisterFile' [C:/Users/TAN/Desktop/CPU/CPU.srcs/sources_1/new/RegisterFile.v:1]
INFO: [Synth 8-256] done synthesizing module 'RegisterFile' (4#1) [C:/Users/TAN/Desktop/CPU/CPU.srcs/sources_1/new/RegisterFile.v:1]
INFO: [Synth 8-638] synthesizing module 'RAM' [C:/Users/TAN/Desktop/CPU/CPU.srcs/sources_1/new/RAM.v:3]
WARNING: [Synth 8-4767] Trying to implement RAM 'memory_reg' in registers. Block RAM or DRAM implementation is not possible; see log for reasons.
Reason is one or more of the following :
	1: RAM has multiple writes via different ports in same process. If RAM inferencing intended, write to one port per process. 
	2: Unable to determine number of words or word size in RAM. 
RAM "memory_reg" dissolved into registers
INFO: [Synth 8-256] done synthesizing module 'RAM' (5#1) [C:/Users/TAN/Desktop/CPU/CPU.srcs/sources_1/new/RAM.v:3]
INFO: [Synth 8-638] synthesizing module 'ALU32' [C:/Users/TAN/Desktop/CPU/CPU.srcs/sources_1/new/ALU32.v:10]
INFO: [Synth 8-226] default block is never used [C:/Users/TAN/Desktop/CPU/CPU.srcs/sources_1/new/ALU32.v:23]
INFO: [Synth 8-256] done synthesizing module 'ALU32' (6#1) [C:/Users/TAN/Desktop/CPU/CPU.srcs/sources_1/new/ALU32.v:10]
INFO: [Synth 8-638] synthesizing module 'ControlUnit' [C:/Users/TAN/Desktop/CPU/CPU.srcs/sources_1/new/ControlUnit.v:1]
INFO: [Synth 8-256] done synthesizing module 'ControlUnit' (7#1) [C:/Users/TAN/Desktop/CPU/CPU.srcs/sources_1/new/ControlUnit.v:1]
INFO: [Synth 8-638] synthesizing module 'Four_Way_Selector' [C:/Users/TAN/Desktop/CPU/CPU.srcs/sources_1/new/Four_Way_Selector.v:1]
INFO: [Synth 8-226] default block is never used [C:/Users/TAN/Desktop/CPU/CPU.srcs/sources_1/new/Four_Way_Selector.v:11]
INFO: [Synth 8-256] done synthesizing module 'Four_Way_Selector' (8#1) [C:/Users/TAN/Desktop/CPU/CPU.srcs/sources_1/new/Four_Way_Selector.v:1]
INFO: [Synth 8-638] synthesizing module 'clkdiv' [C:/Users/TAN/Desktop/CPU/CPU.srcs/sources_1/new/clkdiv.v:2]
INFO: [Synth 8-256] done synthesizing module 'clkdiv' (9#1) [C:/Users/TAN/Desktop/CPU/CPU.srcs/sources_1/new/clkdiv.v:2]
INFO: [Synth 8-638] synthesizing module 'display' [C:/Users/TAN/Desktop/CPU/CPU.srcs/sources_1/new/display.v:1]
INFO: [Synth 8-226] default block is never used [C:/Users/TAN/Desktop/CPU/CPU.srcs/sources_1/new/display.v:17]
WARNING: [Synth 8-567] referenced signal 'reset' should be on the sensitivity list [C:/Users/TAN/Desktop/CPU/CPU.srcs/sources_1/new/display.v:11]
WARNING: [Synth 8-567] referenced signal 'PC' should be on the sensitivity list [C:/Users/TAN/Desktop/CPU/CPU.srcs/sources_1/new/display.v:11]
WARNING: [Synth 8-567] referenced signal 'PCNext' should be on the sensitivity list [C:/Users/TAN/Desktop/CPU/CPU.srcs/sources_1/new/display.v:11]
WARNING: [Synth 8-567] referenced signal 'RSAddr' should be on the sensitivity list [C:/Users/TAN/Desktop/CPU/CPU.srcs/sources_1/new/display.v:11]
WARNING: [Synth 8-567] referenced signal 'RSData' should be on the sensitivity list [C:/Users/TAN/Desktop/CPU/CPU.srcs/sources_1/new/display.v:11]
WARNING: [Synth 8-567] referenced signal 'RTAddr' should be on the sensitivity list [C:/Users/TAN/Desktop/CPU/CPU.srcs/sources_1/new/display.v:11]
WARNING: [Synth 8-567] referenced signal 'RTData' should be on the sensitivity list [C:/Users/TAN/Desktop/CPU/CPU.srcs/sources_1/new/display.v:11]
WARNING: [Synth 8-567] referenced signal 'ALUResult' should be on the sensitivity list [C:/Users/TAN/Desktop/CPU/CPU.srcs/sources_1/new/display.v:11]
WARNING: [Synth 8-567] referenced signal 'DB' should be on the sensitivity list [C:/Users/TAN/Desktop/CPU/CPU.srcs/sources_1/new/display.v:11]
INFO: [Synth 8-256] done synthesizing module 'display' (10#1) [C:/Users/TAN/Desktop/CPU/CPU.srcs/sources_1/new/display.v:1]
INFO: [Synth 8-638] synthesizing module 'Show' [C:/Users/TAN/Desktop/CPU/CPU.srcs/sources_1/new/Show.v:1]
INFO: [Synth 8-638] synthesizing module '_7_seg_display' [C:/Users/TAN/Desktop/CPU/CPU.srcs/sources_1/new/_7_seg_display.v:1]
INFO: [Synth 8-226] default block is never used [C:/Users/TAN/Desktop/CPU/CPU.srcs/sources_1/new/_7_seg_display.v:12]
WARNING: [Synth 8-567] referenced signal 'Reset' should be on the sensitivity list [C:/Users/TAN/Desktop/CPU/CPU.srcs/sources_1/new/_7_seg_display.v:7]
INFO: [Synth 8-256] done synthesizing module '_7_seg_display' (11#1) [C:/Users/TAN/Desktop/CPU/CPU.srcs/sources_1/new/_7_seg_display.v:1]
INFO: [Synth 8-256] done synthesizing module 'Show' (12#1) [C:/Users/TAN/Desktop/CPU/CPU.srcs/sources_1/new/Show.v:1]
INFO: [Synth 8-638] synthesizing module 'avoidShake' [C:/Users/TAN/Desktop/CPU/CPU.srcs/sources_1/new/avoidShake.v:1]
INFO: [Synth 8-256] done synthesizing module 'avoidShake' (13#1) [C:/Users/TAN/Desktop/CPU/CPU.srcs/sources_1/new/avoidShake.v:1]
INFO: [Synth 8-256] done synthesizing module 'top' (14#1) [C:/Users/TAN/Desktop/CPU/CPU.srcs/sources_1/new/top.v:2]
---------------------------------------------------------------------------------
Finished RTL Elaboration : Time (s): cpu = 00:00:06 ; elapsed = 00:00:07 . Memory (MB): peak = 325.422 ; gain = 154.320
---------------------------------------------------------------------------------

Report Check Netlist: 
+------+------------------+-------+---------+-------+------------------+
|      |Item              |Errors |Warnings |Status |Description       |
+------+------------------+-------+---------+-------+------------------+
|1     |multi_driven_nets |      0|        0|Passed |Multi driven nets |
+------+------------------+-------+---------+-------+------------------+
---------------------------------------------------------------------------------
Finished RTL Optimization Phase 1 : Time (s): cpu = 00:00:06 ; elapsed = 00:00:07 . Memory (MB): peak = 325.422 ; gain = 154.320
---------------------------------------------------------------------------------
INFO: [Device 21-403] Loading part xc7a35tcpg236-1
INFO: [Project 1-570] Preparing netlist for logic optimization

Processing XDC Constraints
Initializing timing engine
Parsing XDC File [C:/Users/TAN/Desktop/CPU/CPU.srcs/constrs_1/new/cpu.xdc]
Finished Parsing XDC File [C:/Users/TAN/Desktop/CPU/CPU.srcs/constrs_1/new/cpu.xdc]
INFO: [Project 1-236] Implementation specific constraints were found while reading constraint file [C:/Users/TAN/Desktop/CPU/CPU.srcs/constrs_1/new/cpu.xdc]. These constraints will be ignored for synthesis but will be used in implementation. Impacted constraints are listed in the file [.Xil/top_propImpl.xdc].
Resolution: To avoid this warning, move constraints listed in [.Xil/top_propImpl.xdc] to another XDC file and exclude this new file from synthesis with the used_in_synthesis property (File Properties dialog in GUI) and re-run elaboration/synthesis.
Completed Processing XDC Constraints

INFO: [Project 1-111] Unisim Transformation Summary:
No Unisim elements were transformed.

Constraint Validation Runtime : Time (s): cpu = 00:00:00 ; elapsed = 00:00:00 . Memory (MB): peak = 613.586 ; gain = 0.000
---------------------------------------------------------------------------------
Finished Constraint Validation : Time (s): cpu = 00:00:13 ; elapsed = 00:00:14 . Memory (MB): peak = 613.586 ; gain = 442.484
---------------------------------------------------------------------------------
---------------------------------------------------------------------------------
Start Loading Part and Timing Information
---------------------------------------------------------------------------------
Loading part: xc7a35tcpg236-1
---------------------------------------------------------------------------------
Finished Loading Part and Timing Information : Time (s): cpu = 00:00:13 ; elapsed = 00:00:14 . Memory (MB): peak = 613.586 ; gain = 442.484
---------------------------------------------------------------------------------
---------------------------------------------------------------------------------
Start Applying 'set_property' XDC Constraints
---------------------------------------------------------------------------------
---------------------------------------------------------------------------------
Finished applying 'set_property' XDC Constraints : Time (s): cpu = 00:00:13 ; elapsed = 00:00:14 . Memory (MB): peak = 613.586 ; gain = 442.484
---------------------------------------------------------------------------------
INFO: [Synth 8-5546] ROM "Ins_mem" won't be mapped to RAM because it is too sparse
INFO: [Synth 8-5546] ROM "Ins_mem" won't be mapped to RAM because it is too sparse
INFO: [Synth 8-5546] ROM "Ins_mem" won't be mapped to RAM because it is too sparse
INFO: [Synth 8-5546] ROM "Ins_mem" won't be mapped to RAM because it is too sparse
INFO: [Synth 8-5546] ROM "PCWre" won't be mapped to RAM because it is too sparse
INFO: [Synth 8-5546] ROM "ALUSrcA" won't be mapped to RAM because it is too sparse
INFO: [Synth 8-5546] ROM "ALUSrcB" won't be mapped to RAM because it is too sparse
INFO: [Synth 8-5546] ROM "DBDataSrc" won't be mapped to RAM because it is too sparse
INFO: [Synth 8-5587] ROM size for "RegWre" is below threshold of ROM address width. It will be mapped to LUTs
INFO: [Synth 8-5546] ROM "InsMemRW" won't be mapped to RAM because it is too sparse
INFO: [Synth 8-5546] ROM "RD" won't be mapped to RAM because it is too sparse
INFO: [Synth 8-5546] ROM "WR" won't be mapped to RAM because it is too sparse
INFO: [Synth 8-5587] ROM size for "RegDst" is below threshold of ROM address width. It will be mapped to LUTs
INFO: [Synth 8-5587] ROM size for "ExtSel" is below threshold of ROM address width. It will be mapped to LUTs
INFO: [Synth 8-5546] ROM "ALUOp" won't be mapped to RAM because it is too sparse
INFO: [Synth 8-802] inferred FSM for state register 'place_reg' in module 'Show'
INFO: [Synth 8-5544] ROM "place" won't be mapped to Block RAM because address size (4) smaller than threshold (5)
WARNING: [Synth 8-327] inferring latch for variable 'IDataOut_reg' [C:/Users/TAN/Desktop/CPU/CPU.srcs/sources_1/new/Instruction_Memory.v:19]
WARNING: [Synth 8-327] inferring latch for variable 'IDataOut_reg' [C:/Users/TAN/Desktop/CPU/CPU.srcs/sources_1/new/Instruction_Memory.v:19]
WARNING: [Synth 8-327] inferring latch for variable 'IDataOut_reg' [C:/Users/TAN/Desktop/CPU/CPU.srcs/sources_1/new/Instruction_Memory.v:19]
WARNING: [Synth 8-327] inferring latch for variable 'IDataOut_reg' [C:/Users/TAN/Desktop/CPU/CPU.srcs/sources_1/new/Instruction_Memory.v:19]
---------------------------------------------------------------------------------------------------
                   State |                     New Encoding |                Previous Encoding 
---------------------------------------------------------------------------------------------------
                  iSTATE |                               00 |                             1110
                 iSTATE0 |                               01 |                             1101
                 iSTATE1 |                               10 |                             1011
                 iSTATE2 |                               11 |                             0111
---------------------------------------------------------------------------------------------------
INFO: [Synth 8-3354] encoded FSM with state register 'place_reg' using encoding 'sequential' in module 'Show'
---------------------------------------------------------------------------------
Finished RTL Optimization Phase 2 : Time (s): cpu = 00:00:14 ; elapsed = 00:00:15 . Memory (MB): peak = 613.586 ; gain = 442.484
---------------------------------------------------------------------------------

Report RTL Partitions: 
+-+--------------+------------+----------+
| |RTL Partition |Replication |Instances |
+-+--------------+------------+----------+
+-+--------------+------------+----------+
---------------------------------------------------------------------------------
Start RTL Component Statistics 
---------------------------------------------------------------------------------
Detailed RTL Component Info : 
+---Adders : 
	   2 Input     32 Bit       Adders := 6     
	   3 Input     32 Bit       Adders := 1     
	   2 Input      6 Bit       Adders := 3     
+---XORs : 
	   2 Input      1 Bit         XORs := 1     
+---Registers : 
	               32 Bit    Registers := 1     
	               20 Bit    Registers := 1     
	                4 Bit    Registers := 1     
	                2 Bit    Registers := 1     
	                1 Bit    Registers := 1     
+---RAMs : 
	              992 Bit         RAMs := 1     
+---Muxes : 
	   2 Input     32 Bit        Muxes := 8     
	   4 Input     32 Bit        Muxes := 1     
	  85 Input      8 Bit        Muxes := 4     
	   2 Input      8 Bit        Muxes := 194   
	   4 Input      8 Bit        Muxes := 2     
	  17 Input      8 Bit        Muxes := 1     
	   2 Input      5 Bit        Muxes := 1     
	   4 Input      4 Bit        Muxes := 2     
	  17 Input      3 Bit        Muxes := 2     
	   6 Input      2 Bit        Muxes := 1     
	   4 Input      2 Bit        Muxes := 1     
	   2 Input      1 Bit        Muxes := 2     
	   5 Input      1 Bit        Muxes := 64    
	  17 Input      1 Bit        Muxes := 10    
---------------------------------------------------------------------------------
Finished RTL Component Statistics 
---------------------------------------------------------------------------------
---------------------------------------------------------------------------------
Start RTL Hierarchical Component Statistics 
---------------------------------------------------------------------------------
Hierarchical RTL Component report 
Module top 
Detailed RTL Component Info : 
+---Adders : 
	   2 Input     32 Bit       Adders := 2     
+---Muxes : 
	   2 Input     32 Bit        Muxes := 3     
	   2 Input      5 Bit        Muxes := 1     
Module PC 
Detailed RTL Component Info : 
+---Registers : 
	               32 Bit    Registers := 1     
+---Muxes : 
	   2 Input     32 Bit        Muxes := 1     
	   2 Input      1 Bit        Muxes := 1     
Module Instruction_Memory 
Detailed RTL Component Info : 
+---Adders : 
	   2 Input     32 Bit       Adders := 3     
+---Muxes : 
	  85 Input      8 Bit        Muxes := 4     
Module Extend 
Detailed RTL Component Info : 
+---Muxes : 
	   2 Input     32 Bit        Muxes := 2     
Module RegisterFile 
Detailed RTL Component Info : 
+---RAMs : 
	              992 Bit         RAMs := 1     
+---Muxes : 
	   2 Input     32 Bit        Muxes := 2     
Module RAM 
Detailed RTL Component Info : 
+---Adders : 
	   2 Input      6 Bit       Adders := 3     
+---Muxes : 
	   2 Input      8 Bit        Muxes := 192   
	   5 Input      1 Bit        Muxes := 64    
Module ALU32 
Detailed RTL Component Info : 
+---Adders : 
	   2 Input     32 Bit       Adders := 1     
	   3 Input     32 Bit       Adders := 1     
+---Muxes : 
	   2 Input      1 Bit        Muxes := 1     
Module ControlUnit 
Detailed RTL Component Info : 
+---Muxes : 
	  17 Input      3 Bit        Muxes := 2     
	   6 Input      2 Bit        Muxes := 1     
	  17 Input      1 Bit        Muxes := 10    
Module Four_Way_Selector 
Detailed RTL Component Info : 
+---Muxes : 
	   4 Input     32 Bit        Muxes := 1     
Module display 
Detailed RTL Component Info : 
+---Muxes : 
	   4 Input      8 Bit        Muxes := 2     
	   2 Input      8 Bit        Muxes := 2     
Module _7_seg_display 
Detailed RTL Component Info : 
+---Muxes : 
	  17 Input      8 Bit        Muxes := 1     
Module Show 
Detailed RTL Component Info : 
+---Registers : 
	                4 Bit    Registers := 1     
+---Muxes : 
	   4 Input      4 Bit        Muxes := 2     
	   4 Input      2 Bit        Muxes := 1     
Module avoidShake 
Detailed RTL Component Info : 
+---XORs : 
	   2 Input      1 Bit         XORs := 1     
+---Registers : 
	               20 Bit    Registers := 1     
	                2 Bit    Registers := 1     
	                1 Bit    Registers := 1     
---------------------------------------------------------------------------------
Finished RTL Hierarchical Component Statistics
---------------------------------------------------------------------------------
---------------------------------------------------------------------------------
Start Part Resource Summary
---------------------------------------------------------------------------------
Part Resources:
DSPs: 90 (col length:60)
BRAMs: 100 (col length: RAMB18 60 RAMB36 30)
---------------------------------------------------------------------------------
Finished Part Resource Summary
---------------------------------------------------------------------------------
Start Parallel Synthesis Optimization  : Time (s): cpu = 00:00:14 ; elapsed = 00:00:15 . Memory (MB): peak = 613.586 ; gain = 442.484
---------------------------------------------------------------------------------
Start Cross Boundary Optimization
---------------------------------------------------------------------------------
---------------------------------------------------------------------------------
Finished Cross Boundary Optimization : Time (s): cpu = 00:00:16 ; elapsed = 00:00:17 . Memory (MB): peak = 613.586 ; gain = 442.484
---------------------------------------------------------------------------------
Finished Parallel Reinference  : Time (s): cpu = 00:00:16 ; elapsed = 00:00:17 . Memory (MB): peak = 613.586 ; gain = 442.484

Report RTL Partitions: 
+-+--------------+------------+----------+
| |RTL Partition |Replication |Instances |
+-+--------------+------------+----------+
+-+--------------+------------+----------+
---------------------------------------------------------------------------------
Start ROM, RAM, DSP and Shift Register Reporting
---------------------------------------------------------------------------------

Distributed RAM: 
+------------+---------------------+-----------+----------------------+---------------+-------------------+
|Module Name | RTL Object          | Inference | Size (Depth x Width) | Primitives    | Hierarchical Name | 
+------------+---------------------+-----------+----------------------+---------------+-------------------+
|top         | regFile/regFile_reg | Implied   | 32 x 32              | RAM32M x 12   | top/ram__1        | 
+------------+---------------------+-----------+----------------------+---------------+-------------------+

Note: The table above shows the Distributed RAMs at the current stage of the synthesis flow. Some Distributed RAMs may be reimplemented as non Distributed RAM primitives later in the synthesis flow. Multiple instantiated RAMs are reported only once. "Hierarchical Name" reflects the Distributed RAM name as it appears in the hierarchical module and only part of it is displayed.
---------------------------------------------------------------------------------
Finished ROM, RAM, DSP and Shift Register Reporting
---------------------------------------------------------------------------------
---------------------------------------------------------------------------------
Start Area Optimization
---------------------------------------------------------------------------------
WARNING: [Synth 8-3332] Sequential element (\pc_inst/IAddrOut_reg_reg[31] ) is unused and will be removed from module top.
WARNING: [Synth 8-3332] Sequential element (\pc_inst/IAddrOut_reg_reg[30] ) is unused and will be removed from module top.
WARNING: [Synth 8-3332] Sequential element (\pc_inst/IAddrOut_reg_reg[29] ) is unused and will be removed from module top.
WARNING: [Synth 8-3332] Sequential element (\pc_inst/IAddrOut_reg_reg[28] ) is unused and will be removed from module top.
WARNING: [Synth 8-3332] Sequential element (\pc_inst/IAddrOut_reg_reg[27] ) is unused and will be removed from module top.
WARNING: [Synth 8-3332] Sequential element (\pc_inst/IAddrOut_reg_reg[26] ) is unused and will be removed from module top.
WARNING: [Synth 8-3332] Sequential element (\pc_inst/IAddrOut_reg_reg[25] ) is unused and will be removed from module top.
WARNING: [Synth 8-3332] Sequential element (\pc_inst/IAddrOut_reg_reg[24] ) is unused and will be removed from module top.
WARNING: [Synth 8-3332] Sequential element (\pc_inst/IAddrOut_reg_reg[23] ) is unused and will be removed from module top.
WARNING: [Synth 8-3332] Sequential element (\pc_inst/IAddrOut_reg_reg[22] ) is unused and will be removed from module top.
WARNING: [Synth 8-3332] Sequential element (\pc_inst/IAddrOut_reg_reg[21] ) is unused and will be removed from module top.
WARNING: [Synth 8-3332] Sequential element (\pc_inst/IAddrOut_reg_reg[20] ) is unused and will be removed from module top.
WARNING: [Synth 8-3332] Sequential element (\pc_inst/IAddrOut_reg_reg[19] ) is unused and will be removed from module top.
WARNING: [Synth 8-3332] Sequential element (\pc_inst/IAddrOut_reg_reg[18] ) is unused and will be removed from module top.
WARNING: [Synth 8-3332] Sequential element (\pc_inst/IAddrOut_reg_reg[17] ) is unused and will be removed from module top.
WARNING: [Synth 8-3332] Sequential element (\pc_inst/IAddrOut_reg_reg[16] ) is unused and will be removed from module top.
WARNING: [Synth 8-3332] Sequential element (\pc_inst/IAddrOut_reg_reg[15] ) is unused and will be removed from module top.
WARNING: [Synth 8-3332] Sequential element (\pc_inst/IAddrOut_reg_reg[14] ) is unused and will be removed from module top.
WARNING: [Synth 8-3332] Sequential element (\pc_inst/IAddrOut_reg_reg[13] ) is unused and will be removed from module top.
WARNING: [Synth 8-3332] Sequential element (\pc_inst/IAddrOut_reg_reg[12] ) is unused and will be removed from module top.
WARNING: [Synth 8-3332] Sequential element (\pc_inst/IAddrOut_reg_reg[11] ) is unused and will be removed from module top.
WARNING: [Synth 8-3332] Sequential element (\pc_inst/IAddrOut_reg_reg[10] ) is unused and will be removed from module top.
WARNING: [Synth 8-3332] Sequential element (\pc_inst/IAddrOut_reg_reg[9] ) is unused and will be removed from module top.
WARNING: [Synth 8-3332] Sequential element (\pc_inst/IAddrOut_reg_reg[8] ) is unused and will be removed from module top.
WARNING: [Synth 8-3332] Sequential element (\clk/q_reg[19] ) is unused and will be removed from module top.
WARNING: [Synth 8-3332] Sequential element (\clk/q_reg[20] ) is unused and will be removed from module top.
WARNING: [Synth 8-3332] Sequential element (\clk/q_reg[21] ) is unused and will be removed from module top.
WARNING: [Synth 8-3332] Sequential element (\clk/q_reg[22] ) is unused and will be removed from module top.
WARNING: [Synth 8-3332] Sequential element (\clk/q_reg[23] ) is unused and will be removed from module top.
WARNING: [Synth 8-3332] Sequential element (\clk/q_reg[24] ) is unused and will be removed from module top.
WARNING: [Synth 8-3332] Sequential element (\clk/q_reg[25] ) is unused and will be removed from module top.
WARNING: [Synth 8-3332] Sequential element (\clk/q_reg[26] ) is unused and will be removed from module top.
---------------------------------------------------------------------------------
Finished Area Optimization : Time (s): cpu = 00:00:24 ; elapsed = 00:00:27 . Memory (MB): peak = 613.586 ; gain = 442.484
---------------------------------------------------------------------------------
Finished Parallel Area Optimization  : Time (s): cpu = 00:00:24 ; elapsed = 00:00:27 . Memory (MB): peak = 613.586 ; gain = 442.484

Report RTL Partitions: 
+-+--------------+------------+----------+
| |RTL Partition |Replication |Instances |
+-+--------------+------------+----------+
+-+--------------+------------+----------+
---------------------------------------------------------------------------------
Start Timing Optimization
---------------------------------------------------------------------------------
---------------------------------------------------------------------------------
Start Applying XDC Timing Constraints
---------------------------------------------------------------------------------
---------------------------------------------------------------------------------
Finished Applying XDC Timing Constraints : Time (s): cpu = 00:00:34 ; elapsed = 00:00:37 . Memory (MB): peak = 622.793 ; gain = 451.691
---------------------------------------------------------------------------------
---------------------------------------------------------------------------------
Finished Timing Optimization : Time (s): cpu = 00:00:34 ; elapsed = 00:00:37 . Memory (MB): peak = 624.789 ; gain = 453.688
---------------------------------------------------------------------------------
Finished Parallel Timing Optimization  : Time (s): cpu = 00:00:34 ; elapsed = 00:00:37 . Memory (MB): peak = 624.789 ; gain = 453.688

Report RTL Partitions: 
+-+--------------+------------+----------+
| |RTL Partition |Replication |Instances |
+-+--------------+------------+----------+
+-+--------------+------------+----------+
Finished Parallel Synthesis Optimization  : Time (s): cpu = 00:00:34 ; elapsed = 00:00:37 . Memory (MB): peak = 624.789 ; gain = 453.688
---------------------------------------------------------------------------------
Start Technology Mapping
---------------------------------------------------------------------------------
---------------------------------------------------------------------------------
Finished Technology Mapping : Time (s): cpu = 00:00:36 ; elapsed = 00:00:38 . Memory (MB): peak = 719.074 ; gain = 547.973
---------------------------------------------------------------------------------

Report RTL Partitions: 
+-+--------------+------------+----------+
| |RTL Partition |Replication |Instances |
+-+--------------+------------+----------+
+-+--------------+------------+----------+
---------------------------------------------------------------------------------
Start IO Insertion
---------------------------------------------------------------------------------
---------------------------------------------------------------------------------
Start Flattening Before IO Insertion
---------------------------------------------------------------------------------
---------------------------------------------------------------------------------
Finished Flattening Before IO Insertion
---------------------------------------------------------------------------------
---------------------------------------------------------------------------------
Start Final Netlist Cleanup
---------------------------------------------------------------------------------
---------------------------------------------------------------------------------
Finished Final Netlist Cleanup
---------------------------------------------------------------------------------
---------------------------------------------------------------------------------
Finished IO Insertion : Time (s): cpu = 00:00:37 ; elapsed = 00:00:39 . Memory (MB): peak = 719.074 ; gain = 547.973
---------------------------------------------------------------------------------

Report Check Netlist: 
+------+------------------+-------+---------+-------+------------------+
|      |Item              |Errors |Warnings |Status |Description       |
+------+------------------+-------+---------+-------+------------------+
|1     |multi_driven_nets |      0|        0|Passed |Multi driven nets |
+------+------------------+-------+---------+-------+------------------+
---------------------------------------------------------------------------------
Start Renaming Generated Instances
---------------------------------------------------------------------------------
---------------------------------------------------------------------------------
Finished Renaming Generated Instances : Time (s): cpu = 00:00:37 ; elapsed = 00:00:39 . Memory (MB): peak = 719.074 ; gain = 547.973
---------------------------------------------------------------------------------

Report RTL Partitions: 
+-+--------------+------------+----------+
| |RTL Partition |Replication |Instances |
+-+--------------+------------+----------+
+-+--------------+------------+----------+
---------------------------------------------------------------------------------
Start Rebuilding User Hierarchy
---------------------------------------------------------------------------------
---------------------------------------------------------------------------------
Finished Rebuilding User Hierarchy : Time (s): cpu = 00:00:37 ; elapsed = 00:00:39 . Memory (MB): peak = 719.074 ; gain = 547.973
---------------------------------------------------------------------------------
---------------------------------------------------------------------------------
Start Renaming Generated Ports
---------------------------------------------------------------------------------
---------------------------------------------------------------------------------
Finished Renaming Generated Ports : Time (s): cpu = 00:00:37 ; elapsed = 00:00:40 . Memory (MB): peak = 719.074 ; gain = 547.973
---------------------------------------------------------------------------------
---------------------------------------------------------------------------------
Start Handling Custom Attributes
---------------------------------------------------------------------------------
---------------------------------------------------------------------------------
Finished Handling Custom Attributes : Time (s): cpu = 00:00:38 ; elapsed = 00:00:40 . Memory (MB): peak = 719.074 ; gain = 547.973
---------------------------------------------------------------------------------
---------------------------------------------------------------------------------
Start Renaming Generated Nets
---------------------------------------------------------------------------------
---------------------------------------------------------------------------------
Finished Renaming Generated Nets : Time (s): cpu = 00:00:38 ; elapsed = 00:00:40 . Memory (MB): peak = 719.074 ; gain = 547.973
---------------------------------------------------------------------------------
---------------------------------------------------------------------------------
Start Writing Synthesis Report
---------------------------------------------------------------------------------

Report BlackBoxes: 
+-+--------------+----------+
| |BlackBox name |Instances |
+-+--------------+----------+
+-+--------------+----------+

Report Cell Usage: 
+------+-------+------+
|      |Cell   |Count |
+------+-------+------+
|1     |BUFG   |     3|
|2     |CARRY4 |    29|
|3     |LUT1   |    32|
|4     |LUT2   |    49|
|5     |LUT3   |   618|
|6     |LUT4   |    48|
|7     |LUT5   |   194|
|8     |LUT6   |  1769|
|9     |MUXF7  |   164|
|10    |MUXF8  |    32|
|11    |RAM32M |    12|
|12    |FDRE   |   568|
|13    |LD     |    32|
|14    |IBUF   |     5|
|15    |OBUF   |    12|
+------+-------+------+

Report Instance Areas: 
+------+---------------+-------------------+------+
|      |Instance       |Module             |Cells |
+------+---------------+-------------------+------+
|1     |top            |                   |  3567|
|2     |  Ins_Mem_inst |Instruction_Memory |  1452|
|3     |  alu32        |ALU32              |    32|
|4     |  avshake      |avoidShake         |    29|
|5     |  clk          |clkdiv             |    44|
|6     |  pc_inst      |PC                 |   124|
|7     |  ram_inst     |RAM                |  1300|
|8     |  regFile      |RegisterFile       |   532|
|9     |  show         |Show               |    32|
+------+---------------+-------------------+------+
---------------------------------------------------------------------------------
Finished Writing Synthesis Report : Time (s): cpu = 00:00:38 ; elapsed = 00:00:40 . Memory (MB): peak = 719.074 ; gain = 547.973
---------------------------------------------------------------------------------
Synthesis finished with 0 errors, 0 critical warnings and 36 warnings.
Synthesis Optimization Runtime : Time (s): cpu = 00:00:28 ; elapsed = 00:00:34 . Memory (MB): peak = 719.074 ; gain = 223.656
Synthesis Optimization Complete : Time (s): cpu = 00:00:38 ; elapsed = 00:00:40 . Memory (MB): peak = 719.074 ; gain = 547.973
INFO: [Project 1-571] Translating synthesized netlist
INFO: [Netlist 29-17] Analyzing 78 Unisim elements for replacement
INFO: [Netlist 29-28] Unisim Transformation completed in 0 CPU seconds
INFO: [Project 1-570] Preparing netlist for logic optimization
INFO: [Opt 31-138] Pushed 2 inverter(s) to 524 load pin(s).
INFO: [Project 1-111] Unisim Transformation Summary:
  A total of 44 instances were transformed.
  LD => LDCE: 32 instances
  RAM32M => RAM32M (inverted pins: WCLK) (RAMD32, RAMD32, RAMD32, RAMD32, RAMD32, RAMD32, RAMS32, RAMS32): 12 instances

INFO: [Common 17-83] Releasing license: Synthesis
63 Infos, 47 Warnings, 0 Critical Warnings and 0 Errors encountered.
synth_design completed successfully
synth_design: Time (s): cpu = 00:00:38 ; elapsed = 00:00:40 . Memory (MB): peak = 719.074 ; gain = 514.867
report_utilization: Time (s): cpu = 00:00:00 ; elapsed = 00:00:00.016 . Memory (MB): peak = 719.074 ; gain = 0.000
INFO: [Common 17-206] Exiting Vivado at Sun Nov 19 17:50:33 2017...
